#
# There is insufficient memory for the Java Runtime Environment to continue.
# Native memory allocation (mmap) failed to map 268435456 bytes for G1 virtual space
# Possible reasons:
#   The system is out of physical RAM or swap space
#   The process is running with CompressedOops enabled, and the Java Heap may be blocking the growth of the native heap
# Possible solutions:
#   Reduce memory load on the system
#   Increase physical memory or swap space
#   Check if swap backing store is full
#   Decrease Java heap size (-Xmx/-Xms)
#   Decrease number of Java threads
#   Decrease Java thread stack sizes (-Xss)
#   Set larger code cache with -XX:ReservedCodeCacheSize=
#   JVM is running with Zero Based Compressed Oops mode in which the Java heap is
#     placed in the first 32GB address space. The Java Heap base address is the
#     maximum limit for the native heap growth. Please use -XX:HeapBaseMinAddress
#     to set the Java Heap base and to place the Java Heap above 32GB virtual address.
# This output file may be truncated or incomplete.
#
#  Out of Memory Error (os_windows.cpp:3527), pid=118660, tid=118204
#
# JRE version:  (19.0.1+10) (build )
# Java VM: Java HotSpot(TM) 64-Bit Server VM (19.0.1+10-21, mixed mode, sharing, tiered, compressed oops, compressed class ptrs, g1 gc, windows-amd64)
# No core dump will be written. Minidumps are not enabled by default on client versions of Windows
#

---------------  S U M M A R Y ------------

Command Line: -javaagent:C:\Program Files\JetBrains\IntelliJ IDEA Community Edition 2023.2\lib\idea_rt.jar=56389:C:\Program Files\JetBrains\IntelliJ IDEA Community Edition 2023.2\bin -Dfile.encoding=UTF-8 -Dsun.stdout.encoding=UTF-8 -Dsun.stderr.encoding=UTF-8 com.lucas.kafka_intro.ProducerDemo

Host: AMD Ryzen 9 3900X 12-Core Processor            , 24 cores, 15G,  Windows 11 , 64 bit Build 22621 (10.0.22621.3672)
Time: Fri Jun 28 20:08:31 2024 Malay Peninsula Standard Time elapsed time: 0.011690 seconds (0d 0h 0m 0s)

---------------  T H R E A D  ---------------

Current thread (0x0000028009386aa0):  JavaThread "Unknown thread" [_thread_in_vm, id=118204, stack(0x00000087b8200000,0x00000087b8300000)]

Stack: [0x00000087b8200000,0x00000087b8300000]
Native frames: (J=compiled Java code, j=interpreted, Vv=VM code, C=native code)
V  [jvm.dll+0x6ee8fa]
V  [jvm.dll+0x857a1e]
V  [jvm.dll+0x85940e]
V  [jvm.dll+0x859ac3]
V  [jvm.dll+0x28291f]
V  [jvm.dll+0x6eb6e9]
V  [jvm.dll+0x6e028a]
V  [jvm.dll+0x357136]
V  [jvm.dll+0x35eb96]
V  [jvm.dll+0x3b555e]
V  [jvm.dll+0x3b578f]
V  [jvm.dll+0x32c6ea]
V  [jvm.dll+0x32d59e]
V  [jvm.dll+0x821b20]
V  [jvm.dll+0x3c27c1]
V  [jvm.dll+0x8022f1]
V  [jvm.dll+0x44b30f]
V  [jvm.dll+0x44cc91]
C  [jli.dll+0x5287]
C  [ucrtbase.dll+0x29333]
C  [KERNEL32.DLL+0x1257d]
C  [ntdll.dll+0x5af28]


---------------  P R O C E S S  ---------------

Threads class SMR info:
_java_thread_list=0x00007ffab8e3d048, length=0, elements={
}

Java Threads: ( => current thread )

Other Threads:
  0x00000280093a7f70 WorkerThread "GC Thread#0" [stack: 0x00000087b8300000,0x00000087b8400000] [id=115464]
  0x000002800940e2b0 ConcurrentGCThread "G1 Main Marker" [stack: 0x00000087b8400000,0x00000087b8500000] [id=136000]
  0x00000280093a8240 WorkerThread "G1 Conc#0" [stack: 0x00000087b8500000,0x00000087b8600000] [id=119696]

[error occurred during error reporting (printing all threads), id 0xc0000005, EXCEPTION_ACCESS_VIOLATION (0xc0000005) at pc=0x00007ffab85fd127]

VM state: not at safepoint (not fully initialized)

VM Mutex/Monitor currently owned by a thread:  ([mutex/lock_event])
[0x0000028009382150] Heap_lock - owner thread: 0x0000028009386aa0

Heap address: 0x0000000701400000, size: 4076 MB, Compressed Oops mode: Zero based, Oop shift amount: 3

CDS archive(s) mapped at: [0x0000000000000000-0x0000000000000000-0x0000000000000000), size 0, SharedBaseAddress: 0x0000000800000000, ArchiveRelocationMode: 0.
Narrow klass base: 0x0000000000000000, Narrow klass shift: 0, Narrow klass range: 0x0

GC Precious Log:
 CardTable entry size: 512
 Card Set container configuration: InlinePtr #cards 4 size 8 Array Of Cards #cards 16 size 48 Howl #buckets 8 coarsen threshold 3686 Howl Bitmap #cards 512 size 80 coarsen threshold 460 Card regions per heap region 1 cards per card region 4096

Heap:
 garbage-first heap   total 0K, used 0K [0x0000000701400000, 0x0000000800000000)
  region size 2048K, 0 young (0K), 0 survivors (0K)

[error occurred during error reporting (printing heap information), id 0xc0000005, EXCEPTION_ACCESS_VIOLATION (0xc0000005) at pc=0x00007ffab8a06959]

GC Heap History (0 events):
No events

Dll operation events (1 events):
Event: 0.007 Loaded shared library C:\Program Files\Java\jdk-19\bin\java.dll

Deoptimization events (0 events):
No events

Classes loaded (0 events):
No events

Classes unloaded (0 events):
No events

Classes redefined (0 events):
No events

Internal exceptions (0 events):
No events

VM Operations (0 events):
No events

Events (0 events):
No events


Dynamic libraries:
0x00007ff6f2c10000 - 0x00007ff6f2c20000 	C:\Program Files\Java\jdk-19\bin\java.exe
0x00007ffb255b0000 - 0x00007ffb257c7000 	C:\WINDOWS\SYSTEM32\ntdll.dll
0x00007ffb23b30000 - 0x00007ffb23bf4000 	C:\WINDOWS\System32\KERNEL32.DLL
0x00007ffb22910000 - 0x00007ffb22cbc000 	C:\WINDOWS\System32\KERNELBASE.dll
0x00007ffb22e50000 - 0x00007ffb22f61000 	C:\WINDOWS\System32\ucrtbase.dll
0x00007ffb12c80000 - 0x00007ffb12c9b000 	C:\Program Files\Java\jdk-19\bin\VCRUNTIME140.dll
0x00007ffb1d910000 - 0x00007ffb1d928000 	C:\Program Files\Java\jdk-19\bin\jli.dll
0x00007ffb23f80000 - 0x00007ffb24032000 	C:\WINDOWS\System32\ADVAPI32.dll
0x00007ffb23790000 - 0x00007ffb23837000 	C:\WINDOWS\System32\msvcrt.dll
0x00007ffb238d0000 - 0x00007ffb2397a000 	C:\WINDOWS\System32\sechost.dll
0x00007ffb22cc0000 - 0x00007ffb22ce8000 	C:\WINDOWS\System32\bcrypt.dll
0x00007ffb24630000 - 0x00007ffb24745000 	C:\WINDOWS\System32\RPCRT4.dll
0x00007ffb23980000 - 0x00007ffb23b2e000 	C:\WINDOWS\System32\USER32.dll
0x00007ffb146c0000 - 0x00007ffb14953000 	C:\WINDOWS\WinSxS\amd64_microsoft.windows.common-controls_6595b64144ccf1df_6.0.22621.3672_none_2713b9d173822955\COMCTL32.dll
0x00007ffb228e0000 - 0x00007ffb22906000 	C:\WINDOWS\System32\win32u.dll
0x00007ffb24bb0000 - 0x00007ffb24bd9000 	C:\WINDOWS\System32\GDI32.dll
0x00007ffb231d0000 - 0x00007ffb232e9000 	C:\WINDOWS\System32\gdi32full.dll
0x00007ffb22cf0000 - 0x00007ffb22d8a000 	C:\WINDOWS\System32\msvcp_win.dll
0x00007ffb21520000 - 0x00007ffb2152a000 	C:\WINDOWS\SYSTEM32\VERSION.dll
0x00007ffb23c60000 - 0x00007ffb23c91000 	C:\WINDOWS\System32\IMM32.DLL
0x00007ffb1ba80000 - 0x00007ffb1ba8c000 	C:\Program Files\Java\jdk-19\bin\vcruntime140_1.dll
0x00007ffaf65f0000 - 0x00007ffaf667e000 	C:\Program Files\Java\jdk-19\bin\msvcp140.dll
0x00007ffab82c0000 - 0x00007ffab8f80000 	C:\Program Files\Java\jdk-19\bin\server\jvm.dll
0x00007ffb1a4e0000 - 0x00007ffb1a514000 	C:\WINDOWS\SYSTEM32\WINMM.dll
0x00007ffaf78c0000 - 0x00007ffaf78c9000 	C:\WINDOWS\SYSTEM32\WSOCK32.dll
0x00007ffb245b0000 - 0x00007ffb24621000 	C:\WINDOWS\System32\WS2_32.dll
0x00007ffb219d0000 - 0x00007ffb219e8000 	C:\WINDOWS\SYSTEM32\kernel.appcore.dll
0x00007ffb12c70000 - 0x00007ffb12c7a000 	C:\Program Files\Java\jdk-19\bin\jimage.dll
0x00007ffb166d0000 - 0x00007ffb16902000 	C:\WINDOWS\SYSTEM32\DBGHELP.DLL
0x00007ffb240f0000 - 0x00007ffb24478000 	C:\WINDOWS\System32\combase.dll
0x00007ffb24910000 - 0x00007ffb249e7000 	C:\WINDOWS\System32\OLEAUT32.dll
0x00007ffafcf40000 - 0x00007ffafcf72000 	C:\WINDOWS\SYSTEM32\dbgcore.DLL
0x00007ffb22f70000 - 0x00007ffb22feb000 	C:\WINDOWS\System32\bcryptPrimitives.dll
0x00007ffb03910000 - 0x00007ffb0391e000 	C:\Program Files\Java\jdk-19\bin\instrument.dll
0x00007ffb12c40000 - 0x00007ffb12c66000 	C:\Program Files\Java\jdk-19\bin\java.dll

dbghelp: loaded successfully - version: 4.0.5 - missing functions: none
symbol engine: initialized successfully - sym options: 0x614 - pdb path: .;C:\Program Files\Java\jdk-19\bin;C:\WINDOWS\SYSTEM32;C:\WINDOWS\WinSxS\amd64_microsoft.windows.common-controls_6595b64144ccf1df_6.0.22621.3672_none_2713b9d173822955;C:\Program Files\Java\jdk-19\bin\server

VM Arguments:
jvm_args: -javaagent:C:\Program Files\JetBrains\IntelliJ IDEA Community Edition 2023.2\lib\idea_rt.jar=56389:C:\Program Files\JetBrains\IntelliJ IDEA Community Edition 2023.2\bin -Dfile.encoding=UTF-8 -Dsun.stdout.encoding=UTF-8 -Dsun.stderr.encoding=UTF-8 
java_command: com.lucas.kafka_intro.ProducerDemo
java_class_path (initial): H:\SelfLearning\concepts_SoftwareEngineering\Kafka\1_Kafka_For_Beginners_Course\kafka-java\target\classes;C:\Users\leowj\.m2\repository\org\apache\kafka\kafka-clients\3.4.0\kafka-clients-3.4.0.jar;C:\Users\leowj\.m2\repository\com\github\luben\zstd-jni\1.5.2-1\zstd-jni-1.5.2-1.jar;C:\Users\leowj\.m2\repository\org\lz4\lz4-java\1.8.0\lz4-java-1.8.0.jar;C:\Users\leowj\.m2\repository\org\xerial\snappy\snappy-java\1.1.8.4\snappy-java-1.1.8.4.jar;C:\Users\leowj\.m2\repository\org\slf4j\slf4j-api\1.7.32\slf4j-api-1.7.32.jar;C:\Users\leowj\.m2\repository\org\slf4j\slf4j-simple\1.7.32\slf4j-simple-1.7.32.jar
Launcher Type: SUN_STANDARD

[Global flags]
     intx CICompilerCount                          = 12                                        {product} {ergonomic}
     uint ConcGCThreads                            = 5                                         {product} {ergonomic}
     uint G1ConcRefinementThreads                  = 18                                        {product} {ergonomic}
   size_t G1HeapRegionSize                         = 2097152                                   {product} {ergonomic}
    uintx GCDrainStackTargetSize                   = 64                                        {product} {ergonomic}
   size_t InitialHeapSize                          = 268435456                                 {product} {ergonomic}
   size_t MarkStackSize                            = 4194304                                   {product} {ergonomic}
   size_t MaxHeapSize                              = 4273995776                                {product} {ergonomic}
   size_t MinHeapDeltaBytes                        = 2097152                                   {product} {ergonomic}
   size_t MinHeapSize                              = 8388608                                   {product} {ergonomic}
    uintx NonNMethodCodeHeapSize                   = 7602480                                {pd product} {ergonomic}
    uintx NonProfiledCodeHeapSize                  = 122027880                              {pd product} {ergonomic}
    uintx ProfiledCodeHeapSize                     = 122027880                              {pd product} {ergonomic}
    uintx ReservedCodeCacheSize                    = 251658240                              {pd product} {ergonomic}
     bool SegmentedCodeCache                       = true                                      {product} {ergonomic}
   size_t SoftMaxHeapSize                          = 4273995776                             {manageable} {ergonomic}
     bool UseCompressedClassPointers               = true                           {product lp64_product} {ergonomic}
     bool UseCompressedOops                        = true                           {product lp64_product} {ergonomic}
     bool UseG1GC                                  = true                                      {product} {ergonomic}
     bool UseLargePagesIndividualAllocation        = false                                  {pd product} {ergonomic}

Logging:
Log output configuration:
 #0: stdout all=warning uptime,level,tags foldmultilines=false
 #1: stderr all=off uptime,level,tags foldmultilines=false

Environment Variables:
PATH=C:\Program Files\NVIDIA\CUDNN\v9.1\bin;C:\Program Files\NVIDIA GPU Computing Toolkit\CUDA\v11.2\bin;C:\Program Files\NVIDIA GPU Computing Toolkit\CUDA\v11.2\libnvvp;C:\Program Files (x86)\Microsoft SDKs\Azure\CLI2\wbin;C:\Program Files\Common Files\Oracle\Java\javapath;C:\Program Files (x86)\Razer Chroma SDK\bin;C:\Program Files\Razer Chroma SDK\bin;C:\Windows\system32;C:\Windows;C:\Windows\System32\Wbem;C:\Windows\System32\WindowsPowerShell\v1.0\;C:\Windows\System32\OpenSSH\;C:\Program Files\NVIDIA Corporation\NVIDIA NvDLISR;C:\WINDOWS\system32;C:\WINDOWS;C:\WINDOWS\System32\Wbem;C:\WINDOWS\System32\WindowsPowerShell\v1.0\;C:\WINDOWS\System32\OpenSSH\;C:\Users\leowj\AppData\Local\Microsoft\WindowsApps;C:\Program Files\Microsoft SQL Server\Client SDK\ODBC\110\Tools\Binn\;C:\Program Files (x86)\Microsoft SQL Server\120\Tools\Binn\;C:\Program Files\Microsoft SQL Server\120\Tools\Binn\;C:\Program Files\Microsoft SQL Server\120\DTS\Binn\;C:\Program Files (x86)\Windows Kits\8.1\Windows Performance Toolkit\;C:\Program Files\MATLAB\R2021b\bin;C:\Program Files\Microsoft SQL Server\150\Tools\Binn\;C:\Program Files\Microsoft SQL Server\Client SDK\ODBC\170\Tools\Binn\;C:\Program Files\dotnet\;C:\Program Files\Git\cmd;C:\Program Files\nodejs\;C:\ProgramData\chocolatey\bin;C:\msys64\mingw64\bin;C:\Program Files (x86)\Pulse Secure\VC142.CRT\X64\;C:\Program Files (x86)\Pulse Secure\VC142.CRT\X86\;C:\Program Files\NVIDIA Corporation\Nsight Compute 2020.3.0\;C:\Program Files\MongoDB\Server\6.0\bin\;C:\Program Files\MongoDB\mongosh-1.5.4-win32-x64\bin;C:\Program Files (x86)\dotnet\;C:\Program Files\Graphviz\bin;C:\Program Files (x86)\Sennheiser\Sennheiser Updater\;C:\WINDOWS\system32;C:\WINDOWS;C:\WINDOWS\System32\Wbem;C:\WINDOWS\System32\WindowsPowerShell\v1.0\;C:\WINDOWS\System32\OpenSSH\;C:\Program Files\Docker\Docker\resources\bin;C:\Program Files\Calibre2\;C:\Users\leowj\anaconda3;C:\Users\leowj\anaconda3\Library\mingw-w64\bin;C:\Users\leowj\anaconda3\Library\usr\bin;C:\Users\leowj\anaconda3\Library\bin;C:\Users\leowj\anaconda3\Scripts;C:\Program Files\MySQL\MySQL Shell 8.0\bin\;C:\Users\leowj\AppData\Local\Microsoft\WindowsApps;C:\Users\leowj\.dotnet\tools;C:\Users\leowj\AppData\Local\Programs\Microsoft VS Code\bin;C:\Users\leowj\AppData\Roaming\npm;C:\Program Files\NVIDIA GPU Computing Toolkit\CUDA\v11.2\bin;C:\Program Files\NVIDIA GPU Computing Toolkit\CUDA\v11.2\libnvvp;C:\Program Files\MongoDB\Server\6.0\bin\;C:\Program Files\JetBrains\IntelliJ IDEA Community Edition 2022.3\bin;C:\Program Files\Docker\Docker\resources\bin;C:\Program Files (x86)\GnuWin32\bin;C:\Program Files\JetBrains\IntelliJ IDEA Community Edition 2023.2\bin;;C:\Users\leowj\AppData\Local\Microsoft\WindowsApps;C:\Users\leowj\oc;C:\Program Files\JetBrains\PyCharm Community Edition 2023.2.1\bin;;
USERNAME=leowj
OS=Windows_NT
PROCESSOR_IDENTIFIER=AMD64 Family 23 Model 113 Stepping 0, AuthenticAMD
TMP=C:\Users\leowj\AppData\Local\Temp
TEMP=C:\Users\leowj\AppData\Local\Temp



---------------  S Y S T E M  ---------------

OS:
 Windows 11 , 64 bit Build 22621 (10.0.22621.3672)
OS uptime: 1 days 18:59 hours
Hyper-V role detected

CPU: total 24 (initial active 24) (24 cores per cpu, 2 threads per core) family 23 model 113 stepping 0 microcode 0x0, cx8, cmov, fxsr, ht, mmx, 3dnowpref, sse, sse2, sse3, ssse3, sse4a, sse4.1, sse4.2, popcnt, lzcnt, tsc, tscinvbit, avx, avx2, aes, clmul, bmi1, bmi2, adx, sha, fma, vzeroupper, clflush, clflushopt, hv, rdtscp, rdpid

Memory: 4k page, system-wide physical 16300M (1255M free)
TotalPageFile size 65452M (AvailPageFile size 177M)
current process WorkingSet (physical memory assigned to process): 12M, peak: 12M
current process commit charge ("private bytes"): 81M, peak: 337M

vm_info: Java HotSpot(TM) 64-Bit Server VM (19.0.1+10-21) for windows-amd64 JRE (19.0.1+10-21), built on 2022-09-14T12:45:06Z by "mach5one" with MS VC++ 17.1 (VS2022)

END.
